<?xml version="1.0" encoding="UTF-8"?>
<!-- Generated by org.testng.reporters.JUnitXMLReporter -->
<testsuite ignored="0" hostname="LAPTOP-QC1KKNSF" failures="0" tests="3" name="Test" time="14.402" errors="0" timestamp="2024-09-05T15:58:20 IST">
  <testcase classname="com.test.TcAccountRegistrationTest" name="verify_account_registration" time="2.531"/>
  <testcase classname="com.test.LoginPages" name="openapp" time="5.467"/>
  <testcase classname="com.test.LoginPages" name="testlogin" time="1.814"/>
</testsuite> <!-- Test -->
