<?xml version="1.0" encoding="UTF-8"?>
<testng-results ignored="0" total="3" passed="3" failed="0" skipped="0">
  <reporter-output>
  </reporter-output>
  <suite started-at="2024-09-05T15:58:05 IST" name="Suite" finished-at="2024-09-05T15:58:20 IST" duration-ms="14402">
    <groups>
    </groups>
    <test started-at="2024-09-05T15:58:05 IST" name="Test" finished-at="2024-09-05T15:58:20 IST" duration-ms="14402">
      <class name="com.test.TcAccountRegistrationTest">
        <test-method is-config="true" signature="setup()[pri:0, instance:com.test.TcAccountRegistrationTest@1e461e41]" started-at="2024-09-05T15:58:05 IST" name="setup" finished-at="2024-09-05T15:58:09 IST" duration-ms="4023" status="PASS">
          <reporter-output>
          </reporter-output>
        </test-method> <!-- setup -->
        <test-method signature="verify_account_registration()[pri:0, instance:com.test.TcAccountRegistrationTest@1e461e41]" started-at="2024-09-05T15:58:09 IST" name="verify_account_registration" finished-at="2024-09-05T15:58:12 IST" duration-ms="2531" status="PASS">
          <reporter-output>
          </reporter-output>
        </test-method> <!-- verify_account_registration -->
        <test-method is-config="true" signature="tearDown()[pri:0, instance:com.test.TcAccountRegistrationTest@1e461e41]" started-at="2024-09-05T15:58:12 IST" name="tearDown" finished-at="2024-09-05T15:58:12 IST" duration-ms="465" status="PASS">
          <reporter-output>
          </reporter-output>
        </test-method> <!-- tearDown -->
      </class> <!-- com.test.TcAccountRegistrationTest -->
      <class name="com.test.LoginPages">
        <test-method signature="openapp()[pri:1, instance:com.test.LoginPages@5ba88be8]" started-at="2024-09-05T15:58:12 IST" name="openapp" finished-at="2024-09-05T15:58:18 IST" duration-ms="5467" status="PASS">
          <reporter-output>
          </reporter-output>
        </test-method> <!-- openapp -->
        <test-method signature="testlogin()[pri:2, instance:com.test.LoginPages@5ba88be8]" started-at="2024-09-05T15:58:18 IST" name="testlogin" finished-at="2024-09-05T15:58:20 IST" duration-ms="1814" status="PASS">
          <reporter-output>
          </reporter-output>
        </test-method> <!-- testlogin -->
      </class> <!-- com.test.LoginPages -->
    </test> <!-- Test -->
  </suite> <!-- Suite -->
</testng-results>
